Determining if the pthread_create exist failed with the following output:
Change Dir: /home/admin1/Desktop/Cuda_test/cmake-build-debug/CMakeFiles/CMakeTmp

Run Build Command:"/usr/bin/make" "cmTC_f2233/fast"
/usr/bin/make -f CMakeFiles/cmTC_f2233.dir/build.make CMakeFiles/cmTC_f2233.dir/build
make[1]: Entering directory '/home/admin1/Desktop/Cuda_test/cmake-build-debug/CMakeFiles/CMakeTmp'
Building C object CMakeFiles/cmTC_f2233.dir/CheckSymbolExists.c.o
/usr/bin/cc   -fPIC    -o CMakeFiles/cmTC_f2233.dir/CheckSymbolExists.c.o   -c /home/admin1/Desktop/Cuda_test/cmake-build-debug/CMakeFiles/CMakeTmp/CheckSymbolExists.c
Linking C executable cmTC_f2233
/home/admin1/Downloads/clion-2018.2.6/bin/cmake/linux/bin/cmake -E cmake_link_script CMakeFiles/cmTC_f2233.dir/link.txt --verbose=1
/usr/bin/cc -fPIC     -rdynamic CMakeFiles/cmTC_f2233.dir/CheckSymbolExists.c.o  -o cmTC_f2233 
CMakeFiles/cmTC_f2233.dir/CheckSymbolExists.c.o: In function `main':
CheckSymbolExists.c:(.text+0x1b): undefined reference to `pthread_create'
collect2: error: ld returned 1 exit status
CMakeFiles/cmTC_f2233.dir/build.make:86: recipe for target 'cmTC_f2233' failed
make[1]: *** [cmTC_f2233] Error 1
make[1]: Leaving directory '/home/admin1/Desktop/Cuda_test/cmake-build-debug/CMakeFiles/CMakeTmp'
Makefile:121: recipe for target 'cmTC_f2233/fast' failed
make: *** [cmTC_f2233/fast] Error 2

File /home/admin1/Desktop/Cuda_test/cmake-build-debug/CMakeFiles/CMakeTmp/CheckSymbolExists.c:
/* */
#include <pthread.h>

int main(int argc, char** argv)
{
  (void)argv;
#ifndef pthread_create
  return ((int*)(&pthread_create))[argc];
#else
  (void)argc;
  return 0;
#endif
}

Determining if the function pthread_create exists in the pthreads failed with the following output:
Change Dir: /home/admin1/Desktop/Cuda_test/cmake-build-debug/CMakeFiles/CMakeTmp

Run Build Command:"/usr/bin/make" "cmTC_54cd4/fast"
/usr/bin/make -f CMakeFiles/cmTC_54cd4.dir/build.make CMakeFiles/cmTC_54cd4.dir/build
make[1]: Entering directory '/home/admin1/Desktop/Cuda_test/cmake-build-debug/CMakeFiles/CMakeTmp'
Building C object CMakeFiles/cmTC_54cd4.dir/CheckFunctionExists.c.o
/usr/bin/cc   -fPIC -DCHECK_FUNCTION_EXISTS=pthread_create   -o CMakeFiles/cmTC_54cd4.dir/CheckFunctionExists.c.o   -c /home/admin1/Downloads/clion-2018.2.6/bin/cmake/linux/share/cmake-3.12/Modules/CheckFunctionExists.c
Linking C executable cmTC_54cd4
/home/admin1/Downloads/clion-2018.2.6/bin/cmake/linux/bin/cmake -E cmake_link_script CMakeFiles/cmTC_54cd4.dir/link.txt --verbose=1
/usr/bin/cc -fPIC -DCHECK_FUNCTION_EXISTS=pthread_create    -rdynamic CMakeFiles/cmTC_54cd4.dir/CheckFunctionExists.c.o  -o cmTC_54cd4 -lpthreads 
/usr/bin/ld: cannot find -lpthreads
collect2: error: ld returned 1 exit status
CMakeFiles/cmTC_54cd4.dir/build.make:86: recipe for target 'cmTC_54cd4' failed
make[1]: *** [cmTC_54cd4] Error 1
make[1]: Leaving directory '/home/admin1/Desktop/Cuda_test/cmake-build-debug/CMakeFiles/CMakeTmp'
Makefile:121: recipe for target 'cmTC_54cd4/fast' failed
make: *** [cmTC_54cd4/fast] Error 2


